<?xml version="1.0" encoding="UTF-8"?>
<!-- Generated by org.testng.reporters.JUnitReportReporter -->
<testsuite hostname="MSI" failures="0" tests="1" name="com.Equarz.Testcases.Addcarttest" time="34.553" errors="0" timestamp="2023-09-14T16:51:31 IST" skipped="0">
  <testcase classname="com.Equarz.Testcases.Addcarttest" name="Bannertest" time="34.553"/>
</testsuite> <!-- com.Equarz.Testcases.Addcarttest -->
