<?xml version="1.0" encoding="UTF-8"?>
<!-- Generated by org.testng.reporters.JUnitReportReporter -->
<testsuite hostname="MSI" failures="0" tests="2" name="com.Equarz.Testcases.RegTest" time="9.878" errors="0" timestamp="2023-09-06T15:16:45 IST" skipped="0">
  <testcase classname="com.Equarz.Testcases.RegTest" name="Givenurl" time="4.465"/>
  <testcase classname="com.Equarz.Testcases.RegTest" name="Registration" time="5.413"/>
</testsuite> <!-- com.Equarz.Testcases.RegTest -->
